Started GET "/" for 127.0.0.1 at 2024-07-15 13:27:58 -0700
  [1m[35m (5.8ms)[0m  [1m[35mCREATE TABLE "schema_migrations" ("version" varchar NOT NULL PRIMARY KEY)[0m
  [1m[35m (0.4ms)[0m  [1m[35mCREATE TABLE "ar_internal_metadata" ("key" varchar NOT NULL PRIMARY KEY, "value" varchar, "created_at" datetime(6) NOT NULL, "updated_at" datetime(6) NOT NULL)[0m
  [1m[36mActiveRecord::SchemaMigration Load (0.2ms)[0m  [1m[34mSELECT "schema_migrations"."version" FROM "schema_migrations" ORDER BY "schema_migrations"."version" ASC[0m
Processing by Rails::WelcomeController#index as HTML
  Rendering /Users/myfiercefighter/.rbenv/versions/3.3.3/lib/ruby/gems/3.3.0/gems/railties-7.1.3.4/lib/rails/templates/rails/welcome/index.html.erb
  Rendered /Users/myfiercefighter/.rbenv/versions/3.3.3/lib/ruby/gems/3.3.0/gems/railties-7.1.3.4/lib/rails/templates/rails/welcome/index.html.erb (Duration: 1.6ms | Allocations: 364)
Completed 200 OK in 126ms (Views: 29.5ms | ActiveRecord: 0.0ms | Allocations: 7738)


  [1m[36mActiveRecord::InternalMetadata Load (1.4ms)[0m  [1m[34mSELECT * FROM "ar_internal_metadata" WHERE "ar_internal_metadata"."key" = ? ORDER BY "ar_internal_metadata"."key" ASC LIMIT 1[0m  [[nil, "environment"]]
  [1m[36mActiveRecord::InternalMetadata Create (5.3ms)[0m  [1m[32mINSERT INTO "ar_internal_metadata" ("key", "value", "created_at", "updated_at") VALUES ('environment', 'development', '2024-07-15 20:36:41.817792', '2024-07-15 20:36:41.817799') RETURNING "key"[0m
  [1m[36mActiveRecord::SchemaMigration Load (0.2ms)[0m  [1m[34mSELECT "schema_migrations"."version" FROM "schema_migrations" ORDER BY "schema_migrations"."version" ASC[0m
Migrating to CreateUsers (20240715203445)
  [1m[36mTRANSACTION (0.1ms)[0m  [1m[36mbegin transaction[0m
  [1m[35m (6.4ms)[0m  [1m[35mCREATE TABLE "users" ("id" integer PRIMARY KEY AUTOINCREMENT NOT NULL, "type" varchar, "name" varchar, "created_at" datetime(6) NOT NULL, "updated_at" datetime(6) NOT NULL)[0m
  [1m[36mActiveRecord::SchemaMigration Create (1.2ms)[0m  [1m[32mINSERT INTO "schema_migrations" ("version") VALUES ('20240715203445') RETURNING "version"[0m
  [1m[36mTRANSACTION (0.2ms)[0m  [1m[36mcommit transaction[0m
  [1m[36mActiveRecord::SchemaMigration Load (0.1ms)[0m  [1m[34mSELECT "schema_migrations"."version" FROM "schema_migrations" ORDER BY "schema_migrations"."version" ASC[0m
  [1m[36mActiveRecord::InternalMetadata Load (0.8ms)[0m  [1m[34mSELECT * FROM "ar_internal_metadata" WHERE "ar_internal_metadata"."key" = ? ORDER BY "ar_internal_metadata"."key" ASC LIMIT 1[0m  [[nil, "environment"]]
  [1m[36mActiveRecord::SchemaMigration Load (0.1ms)[0m  [1m[34mSELECT "schema_migrations"."version" FROM "schema_migrations" ORDER BY "schema_migrations"."version" ASC[0m
Migrating to CreatePosts (20240715205659)
  [1m[36mTRANSACTION (0.2ms)[0m  [1m[36mbegin transaction[0m
  [1m[35m (2.6ms)[0m  [1m[35mCREATE TABLE "posts" ("id" integer PRIMARY KEY AUTOINCREMENT NOT NULL, "name" varchar, "desc" text, "price" varchar, "quantity" integer, "image" varchar, "created_at" datetime(6) NOT NULL, "updated_at" datetime(6) NOT NULL)[0m
  [1m[36mActiveRecord::SchemaMigration Create (0.2ms)[0m  [1m[32mINSERT INTO "schema_migrations" ("version") VALUES ('20240715205659') RETURNING "version"[0m
  [1m[36mTRANSACTION (2.0ms)[0m  [1m[36mcommit transaction[0m
  [1m[36mActiveRecord::SchemaMigration Load (0.1ms)[0m  [1m[34mSELECT "schema_migrations"."version" FROM "schema_migrations" ORDER BY "schema_migrations"."version" ASC[0m
  [1m[36mActiveRecord::InternalMetadata Load (1.5ms)[0m  [1m[34mSELECT * FROM "ar_internal_metadata" WHERE "ar_internal_metadata"."key" = ? ORDER BY "ar_internal_metadata"."key" ASC LIMIT 1[0m  [[nil, "environment"]]
  [1m[36mActiveRecord::SchemaMigration Load (0.2ms)[0m  [1m[34mSELECT "schema_migrations"."version" FROM "schema_migrations" ORDER BY "schema_migrations"."version" ASC[0m
  [1m[36mActiveRecord::SchemaMigration Load (0.0ms)[0m  [1m[34mSELECT "schema_migrations"."version" FROM "schema_migrations" ORDER BY "schema_migrations"."version" ASC[0m
  [1m[36mActiveRecord::InternalMetadata Load (1.2ms)[0m  [1m[34mSELECT * FROM "ar_internal_metadata" WHERE "ar_internal_metadata"."key" = ? ORDER BY "ar_internal_metadata"."key" ASC LIMIT 1[0m  [[nil, "environment"]]
  [1m[36mActiveRecord::SchemaMigration Load (0.1ms)[0m  [1m[34mSELECT "schema_migrations"."version" FROM "schema_migrations" ORDER BY "schema_migrations"."version" ASC[0m
Migrating to CreateSellers (20240717170918)
  [1m[36mTRANSACTION (0.1ms)[0m  [1m[36mbegin transaction[0m
  [1m[35m (2.4ms)[0m  [1m[35mCREATE TABLE "sellers" ("id" integer PRIMARY KEY AUTOINCREMENT NOT NULL, "created_at" datetime(6) NOT NULL, "updated_at" datetime(6) NOT NULL)[0m
  [1m[36mActiveRecord::SchemaMigration Create (1.3ms)[0m  [1m[32mINSERT INTO "schema_migrations" ("version") VALUES ('20240717170918') RETURNING "version"[0m
  [1m[36mTRANSACTION (2.1ms)[0m  [1m[36mcommit transaction[0m
Migrating to CreateBuyers (20240717170934)
  [1m[36mTRANSACTION (0.1ms)[0m  [1m[36mbegin transaction[0m
  [1m[35m (1.5ms)[0m  [1m[35mCREATE TABLE "buyers" ("id" integer PRIMARY KEY AUTOINCREMENT NOT NULL, "created_at" datetime(6) NOT NULL, "updated_at" datetime(6) NOT NULL)[0m
  [1m[36mActiveRecord::SchemaMigration Create (0.1ms)[0m  [1m[32mINSERT INTO "schema_migrations" ("version") VALUES ('20240717170934') RETURNING "version"[0m
  [1m[36mTRANSACTION (0.2ms)[0m  [1m[36mcommit transaction[0m
  [1m[36mActiveRecord::SchemaMigration Load (0.1ms)[0m  [1m[34mSELECT "schema_migrations"."version" FROM "schema_migrations" ORDER BY "schema_migrations"."version" ASC[0m
  [1m[36mActiveRecord::InternalMetadata Load (1.2ms)[0m  [1m[34mSELECT * FROM "ar_internal_metadata" WHERE "ar_internal_metadata"."key" = ? ORDER BY "ar_internal_metadata"."key" ASC LIMIT 1[0m  [[nil, "environment"]]
  [1m[36mActiveRecord::SchemaMigration Load (0.1ms)[0m  [1m[34mSELECT "schema_migrations"."version" FROM "schema_migrations" ORDER BY "schema_migrations"."version" ASC[0m
  [1m[36mActiveRecord::SchemaMigration Load (0.1ms)[0m  [1m[34mSELECT "schema_migrations"."version" FROM "schema_migrations" ORDER BY "schema_migrations"."version" ASC[0m
Started GET "/" for ::1 at 2024-08-13 06:05:48 -0700
  [1m[36mActiveRecord::SchemaMigration Load (1.5ms)[0m  [1m[34mSELECT "schema_migrations"."version" FROM "schema_migrations" ORDER BY "schema_migrations"."version" ASC[0m
Processing by Rails::WelcomeController#index as HTML
  Rendering /Users/myfiercefighter/.rbenv/versions/3.3.3/lib/ruby/gems/3.3.0/gems/railties-7.1.3.4/lib/rails/templates/rails/welcome/index.html.erb
  Rendered /Users/myfiercefighter/.rbenv/versions/3.3.3/lib/ruby/gems/3.3.0/gems/railties-7.1.3.4/lib/rails/templates/rails/welcome/index.html.erb (Duration: 3.6ms | Allocations: 364)
Completed 200 OK in 270ms (Views: 53.1ms | ActiveRecord: 0.0ms | Allocations: 4287)


Started GET "/" for ::1 at 2024-08-13 06:07:28 -0700
  [1m[36mActiveRecord::SchemaMigration Load (1.3ms)[0m  [1m[34mSELECT "schema_migrations"."version" FROM "schema_migrations" ORDER BY "schema_migrations"."version" ASC[0m
Processing by ProductsController#index as HTML
  Rendering layout layouts/application.html.erb
  Rendering products/index.html.erb within layouts/application
  Rendered products/index.html.erb within layouts/application (Duration: 1.4ms | Allocations: 180)
  Rendered layout layouts/application.html.erb (Duration: 693.3ms | Allocations: 72566)
Completed 200 OK in 766ms (Views: 719.3ms | ActiveRecord: 0.0ms | Allocations: 76659)


Started GET "/" for ::1 at 2024-08-13 06:07:34 -0700
Processing by ProductsController#index as HTML
  Rendering layout layouts/application.html.erb
  Rendering products/index.html.erb within layouts/application
  Rendered products/index.html.erb within layouts/application (Duration: 0.0ms | Allocations: 7)
  Rendered layout layouts/application.html.erb (Duration: 56.1ms | Allocations: 3545)
Completed 200 OK in 57ms (Views: 56.7ms | ActiveRecord: 0.0ms | Allocations: 3778)


  [1m[36mTRANSACTION (0.1ms)[0m  [1m[36mbegin transaction[0m
  [1m[36mUser Create (5.0ms)[0m  [1m[32mINSERT INTO "users" ("type", "name", "created_at", "updated_at") VALUES (?, ?, ?, ?) RETURNING "id"[0m  [["type", nil], ["name", "michelle"], ["created_at", "2024-08-13 13:10:05.053937"], ["updated_at", "2024-08-13 13:10:05.053937"]]
  [1m[36mTRANSACTION (2.0ms)[0m  [1m[36mcommit transaction[0m
Started GET "/" for ::1 at 2024-08-13 06:10:42 -0700
  [1m[36mActiveRecord::SchemaMigration Load (1.8ms)[0m  [1m[34mSELECT "schema_migrations"."version" FROM "schema_migrations" ORDER BY "schema_migrations"."version" ASC[0m
Processing by ProductsController#index as HTML
  Rendering layout layouts/application.html.erb
  Rendering products/index.html.erb within layouts/application
  Rendered products/index.html.erb within layouts/application (Duration: 1.0ms | Allocations: 180)
  Rendered layout layouts/application.html.erb (Duration: 111.1ms | Allocations: 19309)
Completed 200 OK in 192ms (Views: 129.8ms | ActiveRecord: 0.0ms | Allocations: 23401)


  [1m[36mUser Load (1.7ms)[0m  [1m[34mSELECT "users".* FROM "users" WHERE "users"."id" = ? LIMIT ?[0m  [["id", 1], ["LIMIT", 1]]
Started GET "/" for ::1 at 2024-08-13 06:12:48 -0700
  [1m[36mActiveRecord::SchemaMigration Load (0.2ms)[0m  [1m[34mSELECT "schema_migrations"."version" FROM "schema_migrations" ORDER BY "schema_migrations"."version" ASC[0m
Processing by ProductsController#index as HTML
Completed 500 Internal Server Error in 12ms (ActiveRecord: 0.0ms | Allocations: 1354)


  
NameError (uninitialized constant ProductsController::Product):
  
app/controllers/products_controller.rb:3:in `index'
Started GET "/" for ::1 at 2024-08-13 06:14:11 -0700
  [1m[36mActiveRecord::SchemaMigration Load (0.2ms)[0m  [1m[34mSELECT "schema_migrations"."version" FROM "schema_migrations" ORDER BY "schema_migrations"."version" ASC[0m
Processing by ProductsController#index as HTML
  Rendering layout layouts/application.html.erb
  Rendering products/index.html.erb within layouts/application
  [1m[36mUser Load (0.1ms)[0m  [1m[34mSELECT "users".* FROM "users"[0m
  ↳ app/views/products/index.html.erb:4
  Rendered products/index.html.erb within layouts/application (Duration: 39.3ms | Allocations: 11009)
  Rendered layout layouts/application.html.erb (Duration: 39.7ms | Allocations: 11131)
Completed 500 Internal Server Error in 259ms (ActiveRecord: 7.9ms | Allocations: 20716)


  
ActionView::Template::Error (undefined method `title' for an instance of User):
    3: <ul>
    4:   <% @products.each do |product| %>
    5:     <li>
    6:       <%= product.title %>
    7:     </li>
    8:   <% end %>
    9: </ul>
  
app/views/products/index.html.erb:6
app/views/products/index.html.erb:4
Started GET "/" for ::1 at 2024-08-13 06:29:57 -0700
  [1m[36mActiveRecord::SchemaMigration Load (0.2ms)[0m  [1m[34mSELECT "schema_migrations"."version" FROM "schema_migrations" ORDER BY "schema_migrations"."version" ASC[0m
Processing by ProductsController#index as HTML
  Rendering layout layouts/application.html.erb
  Rendering products/index.html.erb within layouts/application
  [1m[36mPost Load (0.1ms)[0m  [1m[34mSELECT "posts".* FROM "posts"[0m
  ↳ app/views/products/index.html.erb:4
  Rendered products/index.html.erb within layouts/application (Duration: 7.6ms | Allocations: 1164)
  Rendered layout layouts/application.html.erb (Duration: 312.5ms | Allocations: 20301)
Completed 200 OK in 436ms (Views: 325.5ms | ActiveRecord: 6.9ms | Allocations: 29948)


  [1m[36mTRANSACTION (0.1ms)[0m  [1m[36mbegin transaction[0m
  [1m[36mPost Create (0.9ms)[0m  [1m[32mINSERT INTO "posts" ("name", "desc", "price", "quantity", "image", "created_at", "updated_at") VALUES (?, ?, ?, ?, ?, ?, ?) RETURNING "id"[0m  [["name", "test123"], ["desc", "testing"], ["price", "priceless"], ["quantity", 1], ["image", nil], ["created_at", "2024-08-13 13:32:57.549753"], ["updated_at", "2024-08-13 13:32:57.549753"]]
  [1m[36mTRANSACTION (1.9ms)[0m  [1m[36mcommit transaction[0m
Started GET "/" for ::1 at 2024-08-13 06:33:14 -0700
  [1m[36mActiveRecord::SchemaMigration Load (0.3ms)[0m  [1m[34mSELECT "schema_migrations"."version" FROM "schema_migrations" ORDER BY "schema_migrations"."version" ASC[0m
Processing by ProductsController#index as HTML
  Rendering layout layouts/application.html.erb
  Rendering products/index.html.erb within layouts/application
  [1m[36mPost Load (0.1ms)[0m  [1m[34mSELECT "posts".* FROM "posts"[0m
  ↳ app/views/products/index.html.erb:4
  Rendered products/index.html.erb within layouts/application (Duration: 40.3ms | Allocations: 13065)
  Rendered layout layouts/application.html.erb (Duration: 179.3ms | Allocations: 32178)
Completed 200 OK in 252ms (Views: 182.0ms | ActiveRecord: 9.8ms | Allocations: 41807)


Started GET "/articles/1" for ::1 at 2024-08-13 06:44:44 -0700
  
ActionController::RoutingError (No route matches [GET] "/articles/1"):
  
Started GET "/articles/1" for ::1 at 2024-08-13 06:46:24 -0700
  
ActionController::RoutingError (No route matches [GET] "/articles/1"):
  
Started GET "/articles/1" for ::1 at 2024-08-13 06:46:39 -0700
  
ActionController::RoutingError (No route matches [GET] "/articles/1"):
  
Started GET "/articles/1" for ::1 at 2024-08-13 06:46:40 -0700
  
ActionController::RoutingError (No route matches [GET] "/articles/1"):
  
Started GET "/articles/1" for ::1 at 2024-08-13 06:46:40 -0700
  
ActionController::RoutingError (No route matches [GET] "/articles/1"):
  
Started GET "/articles/1" for ::1 at 2024-08-13 06:46:40 -0700
  
ActionController::RoutingError (No route matches [GET] "/articles/1"):
  
Started GET "/articles/1" for ::1 at 2024-08-13 06:46:40 -0700
  
ActionController::RoutingError (No route matches [GET] "/articles/1"):
  
Started GET "/articles/1" for ::1 at 2024-08-13 06:46:41 -0700
  
ActionController::RoutingError (No route matches [GET] "/articles/1"):
  
Started GET "/articles/1" for ::1 at 2024-08-13 06:46:41 -0700
  
ActionController::RoutingError (No route matches [GET] "/articles/1"):
  
Started GET "/articles/1" for ::1 at 2024-08-13 06:46:41 -0700
  
ActionController::RoutingError (No route matches [GET] "/articles/1"):
  
Started GET "/articles/1" for ::1 at 2024-08-13 06:46:41 -0700
  
ActionController::RoutingError (No route matches [GET] "/articles/1"):
  
Started GET "/articles/1" for ::1 at 2024-08-13 06:46:41 -0700
  
ActionController::RoutingError (No route matches [GET] "/articles/1"):
  
Started GET "/articles/1" for ::1 at 2024-08-13 06:47:49 -0700
  
ActionController::RoutingError (No route matches [GET] "/articles/1"):
  
Started GET "/articles/1" for ::1 at 2024-08-13 06:48:45 -0700
  
ActionController::RoutingError (No route matches [GET] "/articles/1"):
  
Started GET "/articles/1" for ::1 at 2024-08-13 06:48:48 -0700
  
ActionController::RoutingError (No route matches [GET] "/articles/1"):
  
Started GET "/articles/1" for ::1 at 2024-08-13 06:48:49 -0700
  
ActionController::RoutingError (No route matches [GET] "/articles/1"):
  
Started GET "/articles/1" for ::1 at 2024-08-13 06:50:21 -0700
  
ActionController::RoutingError (No route matches [GET] "/articles/1"):
  
Started GET "/articles/1" for ::1 at 2024-08-13 06:50:24 -0700
  
ActionController::RoutingError (No route matches [GET] "/articles/1"):
  
Started GET "/" for ::1 at 2024-08-13 06:50:27 -0700
Processing by ProductsController#index as HTML
  Rendering layout layouts/application.html.erb
  Rendering products/index.html.erb within layouts/application
  [1m[36mPost Load (8.5ms)[0m  [1m[34mSELECT "posts".* FROM "posts"[0m
  ↳ app/views/products/index.html.erb:4
  Rendered products/index.html.erb within layouts/application (Duration: 15.1ms | Allocations: 3921)
  Rendered layout layouts/application.html.erb (Duration: 22.8ms | Allocations: 5268)
Completed 200 OK in 38ms (Views: 15.7ms | ActiveRecord: 12.6ms | Allocations: 6699)


Started GET "/products/1" for ::1 at 2024-08-13 06:50:29 -0700
Processing by ProductsController#show as HTML
  Parameters: {"id"=>"1"}
  [1m[36mPost Load (0.2ms)[0m  [1m[34mSELECT "posts".* FROM "posts" WHERE "posts"."id" = ? LIMIT ?[0m  [["id", 1], ["LIMIT", 1]]
  ↳ app/controllers/products_controller.rb:6:in `show'
  Rendering layout layouts/application.html.erb
  Rendering products/show.html.erb within layouts/application
  Rendered products/show.html.erb within layouts/application (Duration: 1.1ms | Allocations: 130)
  Rendered layout layouts/application.html.erb (Duration: 4.9ms | Allocations: 1230)
Completed 200 OK in 16ms (Views: 5.6ms | ActiveRecord: 0.2ms | Allocations: 3759)


Started GET "/articles/new" for ::1 at 2024-08-13 07:00:10 -0700
  
ActionController::RoutingError (No route matches [GET] "/articles/new"):
  
Started GET "/products/new" for ::1 at 2024-08-13 07:00:22 -0700
Processing by ProductsController#new as HTML
  Rendering layout layouts/application.html.erb
  Rendering products/new.html.erb within layouts/application
  Rendered products/new.html.erb within layouts/application (Duration: 1.7ms | Allocations: 1350)
  Rendered layout layouts/application.html.erb (Duration: 2.0ms | Allocations: 1438)
Completed 500 Internal Server Error in 38ms (ActiveRecord: 0.0ms | Allocations: 6058)


  
ActionView::Template::Error (undefined method `posts_path' for an instance of #<Class:0x000000010fcdbeb8>):
    1: <h1>New Product</h1>
    2: 
    3: <%= form_with model: @post do |form| %>
    4:   <div>
    5:     <%= form.label :name %><br>
    6:     <%= form.text_field :name %>
  
app/views/products/new.html.erb:3
Started GET "/posts/new" for ::1 at 2024-08-13 07:00:33 -0700
  
ActionController::RoutingError (No route matches [GET] "/posts/new"):
  
Started GET "/articles/new" for ::1 at 2024-08-13 07:01:24 -0700
  
ActionController::RoutingError (No route matches [GET] "/articles/new"):
  
Started GET "/post/new" for ::1 at 2024-08-13 07:01:29 -0700
  
ActionController::RoutingError (No route matches [GET] "/post/new"):
  
Started GET "/posts/new" for ::1 at 2024-08-13 07:01:32 -0700
  
ActionController::RoutingError (No route matches [GET] "/posts/new"):
  
Started GET "/product/new" for ::1 at 2024-08-13 07:01:37 -0700
  
ActionController::RoutingError (No route matches [GET] "/product/new"):
  
Started GET "/products/new" for ::1 at 2024-08-13 07:01:41 -0700
Processing by ProductsController#new as HTML
  Rendering layout layouts/application.html.erb
  Rendering products/new.html.erb within layouts/application
  Rendered products/new.html.erb within layouts/application (Duration: 5.4ms | Allocations: 1296)
  Rendered layout layouts/application.html.erb (Duration: 6.1ms | Allocations: 1384)
Completed 500 Internal Server Error in 47ms (ActiveRecord: 24.2ms | Allocations: 6622)


  
ActionView::Template::Error (undefined method `posts_path' for an instance of #<Class:0x000000010f8bda20>):
    1: <h1>New Product</h1>
    2: 
    3: <%= form_with model: @post do |form| %>
    4:   <div>
    5:     <%= form.label :name %><br>
    6:     <%= form.text_field :name %>
  
app/views/products/new.html.erb:3
Started GET "/products/1" for ::1 at 2024-08-13 07:02:29 -0700
Processing by ProductsController#show as HTML
  Parameters: {"id"=>"1"}
  [1m[36mPost Load (1.2ms)[0m  [1m[34mSELECT "posts".* FROM "posts" WHERE "posts"."id" = ? LIMIT ?[0m  [["id", 1], ["LIMIT", 1]]
  ↳ app/controllers/products_controller.rb:7:in `show'
  Rendering layout layouts/application.html.erb
  Rendering products/show.html.erb within layouts/application
  Rendered products/show.html.erb within layouts/application (Duration: 1.5ms | Allocations: 1137)
  Rendered layout layouts/application.html.erb (Duration: 1.8ms | Allocations: 1224)
Completed 500 Internal Server Error in 7ms (ActiveRecord: 1.2ms | Allocations: 2583)


  
ActionView::Template::Error (undefined method `img' for an instance of Post):
    6: 
    7: <p><%= @post.quantity %></p>
    8: 
    9: <p><%= @post.img %></p>
  
app/views/products/show.html.erb:9
Started GET "/products/1" for ::1 at 2024-08-13 07:02:44 -0700
Processing by ProductsController#show as HTML
  Parameters: {"id"=>"1"}
  [1m[36mPost Load (0.2ms)[0m  [1m[34mSELECT "posts".* FROM "posts" WHERE "posts"."id" = ? LIMIT ?[0m  [["id", 1], ["LIMIT", 1]]
  ↳ app/controllers/products_controller.rb:7:in `show'
  Rendering layout layouts/application.html.erb
  Rendering products/show.html.erb within layouts/application
  Rendered products/show.html.erb within layouts/application (Duration: 15.4ms | Allocations: 188)
  Rendered layout layouts/application.html.erb (Duration: 23.8ms | Allocations: 1533)
Completed 200 OK in 100ms (Views: 28.7ms | ActiveRecord: 37.5ms | Allocations: 7820)


Started GET "/products/new" for ::1 at 2024-08-13 07:02:49 -0700
Processing by ProductsController#new as HTML
  Rendering layout layouts/application.html.erb
  Rendering products/new.html.erb within layouts/application
  Rendered products/new.html.erb within layouts/application (Duration: 4.4ms | Allocations: 1345)
  Rendered layout layouts/application.html.erb (Duration: 4.8ms | Allocations: 1432)
Completed 500 Internal Server Error in 8ms (ActiveRecord: 0.0ms | Allocations: 1746)


  
ActionView::Template::Error (undefined method `posts_path' for an instance of #<Class:0x0000000110ad9a60>):
    1: <h1>New Product</h1>
    2: 
    3: <%= form_with model: @post do |form| %>
    4:   <div>
    5:     <%= form.label :name %><br>
    6:     <%= form.text_field :name %>
  
app/views/products/new.html.erb:3
Started GET "/" for ::1 at 2024-08-13 07:04:22 -0700
Processing by ProductsController#index as HTML
  Rendering layout layouts/application.html.erb
  Rendering products/index.html.erb within layouts/application
  [1m[36mPost Load (0.1ms)[0m  [1m[34mSELECT "posts".* FROM "posts"[0m
  ↳ app/views/products/index.html.erb:4
  Rendered products/index.html.erb within layouts/application (Duration: 16.5ms | Allocations: 5387)
  Rendered layout layouts/application.html.erb (Duration: 18.7ms | Allocations: 5475)
Completed 500 Internal Server Error in 46ms (ActiveRecord: 6.9ms | Allocations: 7067)


  
ActionView::Template::Error (undefined method `post_path' for an instance of #<Class:0x0000000110b591c0>):
    3: <ul>
    4:   <% @products.each do |post| %>
    5:     <li>
    6:       <%= link_to post.name, post %>
    7:     </li>
    8:   <% end %>
    9: </ul>
  
app/views/products/index.html.erb:6
app/views/products/index.html.erb:4
Started GET "/" for ::1 at 2024-08-13 07:04:46 -0700
Processing by ProductsController#index as HTML
  Rendering layout layouts/application.html.erb
  Rendering products/index.html.erb within layouts/application
  [1m[36mPost Load (0.2ms)[0m  [1m[34mSELECT "posts".* FROM "posts"[0m
  ↳ app/views/products/index.html.erb:4
  Rendered products/index.html.erb within layouts/application (Duration: 2.3ms | Allocations: 1441)
  Rendered layout layouts/application.html.erb (Duration: 2.7ms | Allocations: 1528)
Completed 500 Internal Server Error in 4ms (ActiveRecord: 0.1ms | Allocations: 1753)


  
ActionView::Template::Error (undefined method `post_path' for an instance of #<Class:0x0000000110b591c0>):
    3: <ul>
    4:   <% @products.each do |post| %>
    5:     <li>
    6:       <%= link_to post.name, post %>
    7:     </li>
    8:   <% end %>
    9: </ul>
  
app/views/products/index.html.erb:6
app/views/products/index.html.erb:4
Started GET "/" for ::1 at 2024-08-13 07:06:39 -0700
Processing by ProductsController#index as HTML
  Rendering layout layouts/application.html.erb
  Rendering products/index.html.erb within layouts/application
  Rendered products/index.html.erb within layouts/application (Duration: 1.3ms | Allocations: 1099)
  Rendered layout layouts/application.html.erb (Duration: 1.6ms | Allocations: 1187)
Completed 500 Internal Server Error in 33ms (ActiveRecord: 0.0ms | Allocations: 2779)


  
ActionView::Template::Error (undefined method `each' for nil):
    1: <h1>Products</h1>
    2: 
    3: <ul>
    4:   <% @post.each do |post| %>
    5:     <li>
    6:       <%= link_to post.name, post %>
    7:     </li>
  
app/views/products/index.html.erb:4
Started GET "/" for ::1 at 2024-08-13 07:06:50 -0700
Processing by ProductsController#index as HTML
  Rendering layout layouts/application.html.erb
  Rendering products/index.html.erb within layouts/application
  [1m[36mPost Load (0.1ms)[0m  [1m[34mSELECT "posts".* FROM "posts"[0m
  ↳ app/views/products/index.html.erb:4
  Rendered products/index.html.erb within layouts/application (Duration: 37.7ms | Allocations: 5428)
  Rendered layout layouts/application.html.erb (Duration: 38.1ms | Allocations: 5516)
Completed 500 Internal Server Error in 50ms (ActiveRecord: 46.1ms | Allocations: 7105)


  
ActionView::Template::Error (undefined method `post_path' for an instance of #<Class:0x000000011027c778>):
    3: <ul>
    4:   <% @products.each do |post| %>
    5:     <li>
    6:       <%= link_to post.name, post %>
    7:     </li>
    8:   <% end %>
    9: </ul>
  
app/views/products/index.html.erb:6
app/views/products/index.html.erb:4
Started GET "/" for ::1 at 2024-08-13 08:33:50 -0700
Processing by ProductsController#index as HTML
  Rendering layout layouts/application.html.erb
  Rendering products/index.html.erb within layouts/application
  [1m[36mPost Load (40.0ms)[0m  [1m[34mSELECT "posts".* FROM "posts"[0m
  ↳ app/views/products/index.html.erb:4
  Rendered products/index.html.erb within layouts/application (Duration: 64.3ms | Allocations: 4890)
  Rendered layout layouts/application.html.erb (Duration: 65.0ms | Allocations: 4978)
Completed 500 Internal Server Error in 216ms (ActiveRecord: 44.5ms | Allocations: 6570)


  
ActionView::Template::Error (undefined method `post_path' for an instance of #<Class:0x000000011019d668>):
    3: <ul>
    4:   <% @products.each do |post| %>
    5:     <li>
    6:       <%= link_to post.name, post %>
    7:     </li>
    8:   <% end %>
    9: </ul>
  
app/views/products/index.html.erb:6
app/views/products/index.html.erb:4
Started GET "/articles/1/edit" for ::1 at 2024-08-13 08:36:27 -0700
  
ActionController::RoutingError (No route matches [GET] "/articles/1/edit"):
  
Started GET "/products/1/edit" for ::1 at 2024-08-13 08:36:34 -0700
Processing by ProductsController#edit as HTML
  Parameters: {"id"=>"1"}
  [1m[36mPost Load (0.2ms)[0m  [1m[34mSELECT "posts".* FROM "posts" WHERE "posts"."id" = ? LIMIT ?[0m  [["id", 1], ["LIMIT", 1]]
  ↳ app/controllers/products_controller.rb:25:in `edit'
  Rendering layout layouts/application.html.erb
  Rendering products/edit.html.erb within layouts/application
  Rendered products/_form.html.erb (Duration: 5.7ms | Allocations: 1353)
  Rendered products/edit.html.erb within layouts/application (Duration: 294.9ms | Allocations: 1595)
  Rendered layout layouts/application.html.erb (Duration: 295.3ms | Allocations: 1683)
Completed 500 Internal Server Error in 899ms (ActiveRecord: 403.1ms | Allocations: 7914)


  
ActionView::Template::Error (undefined local variable or method `post' for an instance of #<Class:0x000000010f978fc8>):
    1: <%= form_with model: post do |form| %>
    2:   <div>
    3:     <%= form.label :name %><br>
    4:     <%= form.text_field :name %>
  
app/views/products/_form.html.erb:1
app/views/products/edit.html.erb:3
Started GET "/products/1/edit" for ::1 at 2024-08-13 08:37:45 -0700
Processing by ProductsController#edit as HTML
  Parameters: {"id"=>"1"}
  [1m[36mPost Load (0.2ms)[0m  [1m[34mSELECT "posts".* FROM "posts" WHERE "posts"."id" = ? LIMIT ?[0m  [["id", 1], ["LIMIT", 1]]
  ↳ app/controllers/products_controller.rb:25:in `edit'
  Rendering layout layouts/application.html.erb
  Rendering products/edit.html.erb within layouts/application
  Rendered products/_form.html.erb (Duration: 16.3ms | Allocations: 1345)
  Rendered products/edit.html.erb within layouts/application (Duration: 19.9ms | Allocations: 1582)
  Rendered layout layouts/application.html.erb (Duration: 20.3ms | Allocations: 1670)
Completed 500 Internal Server Error in 112ms (ActiveRecord: 37.7ms | Allocations: 7940)


  
ActionView::Template::Error (undefined local variable or method `post' for an instance of #<Class:0x0000000111298ad0>):
    1: <%= form_with model: post do |form| %>
    2:   <div>
    3:     <%= form.label :name %><br>
    4:     <%= form.text_field :name %>
  
app/views/products/_form.html.erb:1
app/views/products/edit.html.erb:3
Started GET "/" for ::1 at 2024-08-13 08:37:47 -0700
Processing by ProductsController#index as HTML
  Rendering layout layouts/application.html.erb
  Rendering products/index.html.erb within layouts/application
  [1m[36mPost Load (1.0ms)[0m  [1m[34mSELECT "posts".* FROM "posts"[0m
  ↳ app/views/products/index.html.erb:4
  Rendered products/index.html.erb within layouts/application (Duration: 12.3ms | Allocations: 1678)
  Rendered layout layouts/application.html.erb (Duration: 17.8ms | Allocations: 1765)
Completed 500 Internal Server Error in 67ms (ActiveRecord: 1.0ms | Allocations: 2055)


  
ActionView::Template::Error (undefined method `post_path' for an instance of #<Class:0x0000000111298ad0>):
    3: <ul>
    4:   <% @products.each do |post| %>
    5:     <li>
    6:       <%= link_to post.name, post %>
    7:     </li>
    8:   <% end %>
    9: </ul>
  
app/views/products/index.html.erb:6
app/views/products/index.html.erb:4
Started GET "/" for ::1 at 2024-08-13 08:37:50 -0700
Processing by ProductsController#index as HTML
  Rendering layout layouts/application.html.erb
  Rendering products/index.html.erb within layouts/application
  [1m[36mPost Load (0.1ms)[0m  [1m[34mSELECT "posts".* FROM "posts"[0m
  ↳ app/views/products/index.html.erb:4
  Rendered products/index.html.erb within layouts/application (Duration: 1.6ms | Allocations: 1444)
  Rendered layout layouts/application.html.erb (Duration: 1.9ms | Allocations: 1531)
Completed 500 Internal Server Error in 3ms (ActiveRecord: 0.1ms | Allocations: 1756)


  
ActionView::Template::Error (undefined method `post_path' for an instance of #<Class:0x0000000111298ad0>):
    3: <ul>
    4:   <% @products.each do |post| %>
    5:     <li>
    6:       <%= link_to post.name, post %>
    7:     </li>
    8:   <% end %>
    9: </ul>
  
app/views/products/index.html.erb:6
app/views/products/index.html.erb:4
Started GET "/" for ::1 at 2024-08-13 08:38:10 -0700
Processing by ProductsController#index as HTML
  Rendering layout layouts/application.html.erb
  Rendering products/index.html.erb within layouts/application
  [1m[36mPost Load (0.2ms)[0m  [1m[34mSELECT "posts".* FROM "posts"[0m
  ↳ app/views/products/index.html.erb:4
  Rendered products/index.html.erb within layouts/application (Duration: 14.1ms | Allocations: 5428)
  Rendered layout layouts/application.html.erb (Duration: 14.4ms | Allocations: 5516)
Completed 500 Internal Server Error in 56ms (ActiveRecord: 7.4ms | Allocations: 7108)


  
ActionView::Template::Error (undefined method `post_path' for an instance of #<Class:0x00000001113530d8>):
    3: <ul>
    4:   <% @products.each do |post| %>
    5:     <li>
    6:       <%= link_to post.name, post %>
    7:     </li>
    8:   <% end %>
    9: </ul>
  
app/views/products/index.html.erb:6
app/views/products/index.html.erb:4
Started GET "/" for ::1 at 2024-08-13 08:42:24 -0700
Processing by ProductsController#index as HTML
  Rendering layout layouts/application.html.erb
  Rendering products/index.html.erb within layouts/application
  [1m[36mPost Load (0.1ms)[0m  [1m[34mSELECT "posts".* FROM "posts"[0m
  ↳ app/views/products/index.html.erb:4
  Rendered products/index.html.erb within layouts/application (Duration: 13.7ms | Allocations: 5372)
  Rendered layout layouts/application.html.erb (Duration: 13.9ms | Allocations: 5460)
Completed 500 Internal Server Error in 59ms (ActiveRecord: 8.3ms | Allocations: 7049)


  
ActionView::Template::Error (undefined method `post_path' for an instance of #<Class:0x00000001112b50b8>):
    3: <ul>
    4:   <% @products.each do |post| %>
    5:     <li>
    6:       <%= link_to post.name, post %>
    7:     </li>
    8:   <% end %>
    9: </ul>
  
app/views/products/index.html.erb:6
app/views/products/index.html.erb:4
Started GET "/" for ::1 at 2024-08-13 08:42:59 -0700
Processing by ProductsController#index as HTML
  Rendering layout layouts/application.html.erb
  Rendering products/index.html.erb within layouts/application
  [1m[36mPost Load (0.1ms)[0m  [1m[34mSELECT "posts".* FROM "posts"[0m
  ↳ app/views/products/index.html.erb:4
  Rendered products/index.html.erb within layouts/application (Duration: 17.7ms | Allocations: 5372)
  Rendered layout layouts/application.html.erb (Duration: 19.2ms | Allocations: 5460)
Completed 500 Internal Server Error in 64ms (ActiveRecord: 8.8ms | Allocations: 7052)


  
ActionView::Template::Error (undefined method `post_path' for an instance of #<Class:0x00000001117353e0>):
    3: <ul>
    4:   <% @products.each do |post| %>
    5:     <li>
    6:       <%= link_to post.name, post %>
    7:     </li>
    8:   <% end %>
    9: </ul>
  
app/views/products/index.html.erb:6
app/views/products/index.html.erb:4
Started GET "/" for ::1 at 2024-08-13 08:44:39 -0700
Processing by ProductsController#index as HTML
  Rendering layout layouts/application.html.erb
  Rendering products/index.html.erb within layouts/application
  [1m[36mPost Load (0.1ms)[0m  [1m[34mSELECT "posts".* FROM "posts"[0m
  ↳ app/views/products/index.html.erb:4
  Rendered products/index.html.erb within layouts/application (Duration: 13.4ms | Allocations: 5372)
  Rendered layout layouts/application.html.erb (Duration: 13.7ms | Allocations: 5460)
Completed 500 Internal Server Error in 57ms (ActiveRecord: 8.6ms | Allocations: 7052)


  
ActionView::Template::Error (undefined method `post_path' for an instance of #<Class:0x00000001112753c8>):
    3: <ul>
    4:   <% @products.each do |post| %>
    5:     <li>
    6:       <%= link_to post.name, post %>
    7:     </li>
    8:   <% end %>
    9: </ul>
  
app/views/products/index.html.erb:6
app/views/products/index.html.erb:4
Started GET "/" for ::1 at 2024-08-13 08:50:31 -0700
Processing by ProductsController#index as HTML
  Rendering layout layouts/application.html.erb
  Rendering products/index.html.erb within layouts/application
  [1m[36mPost Load (107.5ms)[0m  [1m[34mSELECT "posts".* FROM "posts"[0m
  ↳ app/views/products/index.html.erb:4
  Rendered products/index.html.erb within layouts/application (Duration: 216.9ms | Allocations: 4888)
  Rendered layout layouts/application.html.erb (Duration: 217.3ms | Allocations: 4976)
Completed 500 Internal Server Error in 365ms (ActiveRecord: 210.2ms | Allocations: 6565)


  
ActionView::Template::Error (undefined method `post_path' for an instance of #<Class:0x00000001110dd2b8>):
    3: <ul>
    4:   <% @products.each do |post| %>
    5:     <li>
    6:       <%= link_to post.name, post %>
    7:     </li>
    8:   <% end %>
    9: </ul>
  
app/views/products/index.html.erb:6
app/views/products/index.html.erb:4
Started GET "/" for ::1 at 2024-08-13 08:50:53 -0700
Processing by ProductsController#index as HTML
  Rendering layout layouts/application.html.erb
  Rendering products/index.html.erb within layouts/application
  [1m[36mPost Load (0.5ms)[0m  [1m[34mSELECT "posts".* FROM "posts"[0m
  ↳ app/views/products/index.html.erb:4
  Rendered products/index.html.erb within layouts/application (Duration: 13.0ms | Allocations: 5367)
  Rendered layout layouts/application.html.erb (Duration: 13.3ms | Allocations: 5455)
Completed 500 Internal Server Error in 57ms (ActiveRecord: 8.0ms | Allocations: 7044)


  
ActionView::Template::Error (undefined local variable or method `new_post_path' for an instance of #<Class:0x0000000110bd5a18>):
     8:   <% end %>
     9: </ul>
    10: 
    11: <%= link_to "New Post", new_post_path %>
  
app/views/products/index.html.erb:11
Started GET "/" for ::1 at 2024-08-13 08:52:14 -0700
Processing by ProductsController#index as HTML
  Rendering layout layouts/application.html.erb
  Rendering products/index.html.erb within layouts/application
  [1m[36mPost Load (0.2ms)[0m  [1m[34mSELECT "posts".* FROM "posts"[0m
  ↳ app/views/products/index.html.erb:4
  Rendered products/index.html.erb within layouts/application (Duration: 16.5ms | Allocations: 5357)
  Rendered layout layouts/application.html.erb (Duration: 16.7ms | Allocations: 5445)
Completed 500 Internal Server Error in 63ms (ActiveRecord: 8.6ms | Allocations: 7037)


  
ActionView::Template::Error (undefined method `post_path' for an instance of #<Class:0x0000000111317128>):
    4:   <% @products.each do |post| %>
    5:     <li>
    6:       <%#= link_to post.name, post %>
    7:       <a href="<%= post_path(post) %>">
    8:         <%= post.title %>
    9:       </a>
   10:     </li>
  
app/views/products/index.html.erb:7
app/views/products/index.html.erb:4
Started GET "/" for ::1 at 2024-08-13 08:52:50 -0700
Processing by ProductsController#index as HTML
  Rendering layout layouts/application.html.erb
  Rendering products/index.html.erb within layouts/application
  [1m[36mPost Load (0.1ms)[0m  [1m[34mSELECT "posts".* FROM "posts"[0m
  ↳ app/views/products/index.html.erb:4
  Rendered products/index.html.erb within layouts/application (Duration: 46.7ms | Allocations: 5395)
  Rendered layout layouts/application.html.erb (Duration: 47.1ms | Allocations: 5483)
Completed 500 Internal Server Error in 55ms (ActiveRecord: 8.9ms | Allocations: 7072)


  
ActionView::Template::Error (undefined method `title' for an instance of Post):
     5:     <li>
     6:       <%#= link_to post.name, post %>
     7:       <a href="/products/<%= post.id %>">
     8:         <%= post.title %>
     9:       </a>
    10:     </li>
    11: 
  
app/views/products/index.html.erb:8
app/views/products/index.html.erb:4
Started GET "/" for ::1 at 2024-08-13 08:52:58 -0700
Processing by ProductsController#index as HTML
  Rendering layout layouts/application.html.erb
  Rendering products/index.html.erb within layouts/application
  [1m[36mPost Load (0.1ms)[0m  [1m[34mSELECT "posts".* FROM "posts"[0m
  ↳ app/views/products/index.html.erb:4
  Rendered products/index.html.erb within layouts/application (Duration: 12.6ms | Allocations: 5404)
  Rendered layout layouts/application.html.erb (Duration: 13.4ms | Allocations: 5492)
Completed 500 Internal Server Error in 56ms (ActiveRecord: 7.5ms | Allocations: 7081)


  
ActionView::Template::Error (undefined local variable or method `new_post_path' for an instance of #<Class:0x0000000111735020>):
    12:   <% end %>
    13: </ul>
    14: 
    15: <%= link_to "New Post", new_post_path %>
  
app/views/products/index.html.erb:15
Started GET "/" for ::1 at 2024-08-13 08:53:13 -0700
Processing by ProductsController#index as HTML
  Rendering layout layouts/application.html.erb
  Rendering products/index.html.erb within layouts/application
  [1m[36mPost Load (0.2ms)[0m  [1m[34mSELECT "posts".* FROM "posts"[0m
  ↳ app/views/products/index.html.erb:4
  Rendered products/index.html.erb within layouts/application (Duration: 18.8ms | Allocations: 4416)
  Rendered layout layouts/application.html.erb (Duration: 55.9ms | Allocations: 5778)
Completed 200 OK in 99ms (Views: 41.5ms | ActiveRecord: 19.0ms | Allocations: 7378)


Started GET "/products/1" for ::1 at 2024-08-13 08:53:16 -0700
Processing by ProductsController#show as HTML
  Parameters: {"id"=>"1"}
  [1m[36mPost Load (0.1ms)[0m  [1m[34mSELECT "posts".* FROM "posts" WHERE "posts"."id" = ? LIMIT ?[0m  [["id", 1], ["LIMIT", 1]]
  ↳ app/controllers/products_controller.rb:7:in `show'
  Rendering layout layouts/application.html.erb
  Rendering products/show.html.erb within layouts/application
  Rendered products/show.html.erb within layouts/application (Duration: 34.1ms | Allocations: 1131)
  Rendered layout layouts/application.html.erb (Duration: 34.7ms | Allocations: 1218)
Completed 500 Internal Server Error in 40ms (ActiveRecord: 0.1ms | Allocations: 2510)


  
ActionView::Template::Error (undefined method `edit_post_path' for an instance of #<Class:0x00000001112b5fb8>):
     9: <!--<p><%#= @post.img %></p>-->
    10: 
    11: <ul>
    12:   <li><%= link_to "Edit", edit_post_path(@post) %></li>
    13:   <li><%= link_to "Destroy", post_path(@post), data: {
    14:     turbo_method: :delete,
    15:     turbo_confirm: "Are you sure?"
  
app/views/products/show.html.erb:12
